<?xml version="1.0" encoding="UTF-8"?>
<testsuite xmlns:xsi="http://www.w3.org/2001/XMLSchema-instance" xsi:noNamespaceSchemaLocation="https://maven.apache.org/surefire/maven-surefire-plugin/xsd/surefire-test-report.xsd" name="org.kie.baaas.mcp.validators.BasicXMLValidatorTest" time="3.717" tests="2" errors="0" skipped="0" failures="0">
  <properties>
[...]
</properties>
  <testcase name="testValidXML" classname="org.kie.baaas.mcp.validators.BasicXMLValidatorTest" time="0.076"/>
  <testcase name="testInvalidXML" classname="org.kie.baaas.mcp.validators.BasicXMLValidatorTest" time="0.016"/>
</testsuite>